<testsuites id="" name="" tests="7" failures="0" skipped="0" errors="0" time="7.482567000000001">
<testsuite name="auth.spec.ts" timestamp="2025-08-06T10:31:03.268Z" hostname="chromium" tests="4" failures="0" skipped="0" time="14.284" errors="0">
<testcase name="Application Navigation › application routes respond correctly" classname="auth.spec.ts" time="4.454">
</testcase>
<testcase name="Application Navigation › authentication routes exist" classname="auth.spec.ts" time="0.607">
</testcase>
<testcase name="Application Navigation › navigation works without JavaScript errors" classname="auth.spec.ts" time="4.6">
</testcase>
<testcase name="Application Navigation › app has proper meta tags and title" classname="auth.spec.ts" time="4.623">
</testcase>
</testsuite>
<testsuite name="basic.spec.ts" timestamp="2025-08-06T10:31:03.268Z" hostname="chromium" tests="3" failures="0" skipped="0" time="6.388" errors="0">
<testcase name="Basic App Tests › homepage loads successfully" classname="basic.spec.ts" time="4.026">
</testcase>
<testcase name="Basic App Tests › page is accessible" classname="basic.spec.ts" time="1.158">
</testcase>
<testcase name="Basic App Tests › no console errors on page load" classname="basic.spec.ts" time="1.204">
</testcase>
</testsuite>
</testsuites>